<?xml version="1.0" encoding="UTF-8"?>
<testsuite xmlns:xsi="http://www.w3.org/2001/XMLSchema-instance" xsi:noNamespaceSchemaLocation="https://maven.apache.org/surefire/maven-surefire-plugin/xsd/surefire-test-report-3.0.xsd" version="3.0" name="com.example.linkmate.LinkmateApplicationTests" time="7.605" tests="1" errors="0" skipped="0" failures="0">
  <properties>
[...]
</properties>
  <testcase name="contextLoads" classname="com.example.linkmate.LinkmateApplicationTests" time="1.433">
    <system-out><![CDATA[Standard Commons Logging discovery in action with spring-jcl: please remove commons-logging.jar from classpath in order to avoid potential conflicts
11:35:33.550 [main] INFO org.springframework.test.context.support.AnnotationConfigContextLoaderUtils -- Could not detect default configuration classes for test class [com.example.linkmate.LinkmateApplicationTests]: LinkmateApplicationTests does not declare any static, non-private, non-final, nested classes annotated with @Configuration.
11:35:33.734 [main] INFO org.springframework.boot.test.context.SpringBootTestContextBootstrapper -- Found @SpringBootConfiguration com.example.linkmate.LinkmateApplication for test class com.example.linkmate.LinkmateApplicationTests
11:35:34.022 [main] INFO org.springframework.boot.devtools.restart.RestartApplicationListener -- Restart disabled due to context in which it is running

  .   ____          _            __ _ _
 /\\ / ___'_ __ _ _(_)_ __  __ _ \ \ \ \
( ( )\___ | '_ | '_| | '_ \/ _` | \ \ \ \
 \\/  ___)| |_)| | | | | || (_| |  ) ) ) )
  '  |____| .__|_| |_|_| |_\__, | / / / /
 =========|_|==============|___/=/_/_/_/

 :: Spring Boot ::                (v3.3.2)

2024-08-16T11:35:34.358+05:30  INFO 16676 --- [linkmate] [           main] c.e.linkmate.LinkmateApplicationTests    : Starting LinkmateApplicationTests using Java 17.0.10 with PID 16676 (started by VISHAL in E:\Linkmate Mobile App\LINKMATE_BACKEND)
2024-08-16T11:35:34.360+05:30  INFO 16676 --- [linkmate] [           main] c.e.linkmate.LinkmateApplicationTests    : No active profile set, falling back to 1 default profile: "default"
2024-08-16T11:35:35.299+05:30  INFO 16676 --- [linkmate] [           main] .s.d.r.c.RepositoryConfigurationDelegate : Bootstrapping Spring Data MongoDB repositories in DEFAULT mode.
2024-08-16T11:35:35.372+05:30  INFO 16676 --- [linkmate] [           main] .s.d.r.c.RepositoryConfigurationDelegate : Finished Spring Data repository scanning in 68 ms. Found 1 MongoDB repository interface.
2024-08-16T11:35:36.147+05:30  INFO 16676 --- [linkmate] [           main] org.mongodb.driver.client                : MongoClient with metadata {"driver": {"name": "mongo-java-driver|sync|spring-boot", "version": "5.0.1"}, "os": {"type": "Windows", "name": "Windows 11", "architecture": "amd64", "version": "10.0"}, "platform": "Java/Oracle Corporation/17.0.10+11-LTS-240"} created with settings MongoClientSettings{readPreference=primary, writeConcern=WriteConcern{w=majority, wTimeout=null ms, journal=null}, retryWrites=true, retryReads=true, readConcern=ReadConcern{level=null}, credential=MongoCredential{mechanism=null, userName='vishal', source='admin', password=<hidden>, mechanismProperties=<hidden>}, transportSettings=null, commandListeners=[], codecRegistry=ProvidersCodecRegistry{codecProviders=[ValueCodecProvider{}, BsonValueCodecProvider{}, DBRefCodecProvider{}, DBObjectCodecProvider{}, DocumentCodecProvider{}, CollectionCodecProvider{}, IterableCodecProvider{}, MapCodecProvider{}, GeoJsonCodecProvider{}, GridFSFileCodecProvider{}, Jsr310CodecProvider{}, JsonObjectCodecProvider{}, BsonCodecProvider{}, EnumCodecProvider{}, com.mongodb.client.model.mql.ExpressionCodecProvider@4751e8b9, com.mongodb.Jep395RecordCodecProvider@7af443a3, com.mongodb.KotlinCodecProvider@7b25ab31]}, loggerSettings=LoggerSettings{maxDocumentLength=1000}, clusterSettings={hosts=[127.0.0.1:27017], srvHost=cluster0.exopkkw.mongodb.net, srvServiceName=mongodb, mode=MULTIPLE, requiredClusterType=REPLICA_SET, requiredReplicaSetName='atlas-kuypjm-shard-0', serverSelector='null', clusterListeners='[]', serverSelectionTimeout='30000 ms', localThreshold='15 ms'}, socketSettings=SocketSettings{connectTimeoutMS=10000, readTimeoutMS=0, receiveBufferSize=0, proxySettings=ProxySettings{host=null, port=null, username=null, password=null}}, heartbeatSocketSettings=SocketSettings{connectTimeoutMS=10000, readTimeoutMS=10000, receiveBufferSize=0, proxySettings=ProxySettings{host=null, port=null, username=null, password=null}}, connectionPoolSettings=ConnectionPoolSettings{maxSize=100, minSize=0, maxWaitTimeMS=120000, maxConnectionLifeTimeMS=0, maxConnectionIdleTimeMS=0, maintenanceInitialDelayMS=0, maintenanceFrequencyMS=60000, connectionPoolListeners=[], maxConnecting=2}, serverSettings=ServerSettings{heartbeatFrequencyMS=10000, minHeartbeatFrequencyMS=500, serverListeners='[]', serverMonitorListeners='[]'}, sslSettings=SslSettings{enabled=true, invalidHostNameAllowed=false, context=null}, applicationName='null', compressorList=[], uuidRepresentation=JAVA_LEGACY, serverApi=null, autoEncryptionSettings=null, dnsClient=null, inetAddressResolver=null, contextProvider=null}
2024-08-16T11:35:36.152+05:30  INFO 16676 --- [linkmate] [kkw.mongodb.net] org.mongodb.driver.cluster               : Adding discovered server ac-2hlzcn6-shard-00-01.exopkkw.mongodb.net:27017 to client view of cluster
2024-08-16T11:35:36.186+05:30  INFO 16676 --- [linkmate] [kkw.mongodb.net] org.mongodb.driver.cluster               : Adding discovered server ac-2hlzcn6-shard-00-00.exopkkw.mongodb.net:27017 to client view of cluster
2024-08-16T11:35:36.189+05:30  INFO 16676 --- [linkmate] [kkw.mongodb.net] org.mongodb.driver.cluster               : Adding discovered server ac-2hlzcn6-shard-00-02.exopkkw.mongodb.net:27017 to client view of cluster
2024-08-16T11:35:37.674+05:30  INFO 16676 --- [linkmate] [ngodb.net:27017] org.mongodb.driver.cluster               : Monitor thread successfully connected to server with description ServerDescription{address=ac-2hlzcn6-shard-00-01.exopkkw.mongodb.net:27017, type=REPLICA_SET_SECONDARY, state=CONNECTED, ok=true, minWireVersion=0, maxWireVersion=21, maxDocumentSize=16777216, logicalSessionTimeoutMinutes=30, roundTripTimeNanos=974161000, setName='atlas-kuypjm-shard-0', canonicalAddress=ac-2hlzcn6-shard-00-01.exopkkw.mongodb.net:27017, hosts=[ac-2hlzcn6-shard-00-02.exopkkw.mongodb.net:27017, ac-2hlzcn6-shard-00-00.exopkkw.mongodb.net:27017, ac-2hlzcn6-shard-00-01.exopkkw.mongodb.net:27017], passives=[], arbiters=[], primary='ac-2hlzcn6-shard-00-02.exopkkw.mongodb.net:27017', tagSet=TagSet{[Tag{name='availabilityZone', value='use1-az1'}, Tag{name='diskState', value='READY'}, Tag{name='nodeType', value='ELECTABLE'}, Tag{name='provider', value='AWS'}, Tag{name='region', value='US_EAST_1'}, Tag{name='workloadType', value='OPERATIONAL'}]}, electionId=null, setVersion=48, topologyVersion=TopologyVersion{processId=66b7bcf9b02762924846eb88, counter=3}, lastWriteDate=Fri Aug 16 11:35:37 IST 2024, lastUpdateTimeNanos=180024928973300}
2024-08-16T11:35:37.674+05:30  INFO 16676 --- [linkmate] [ngodb.net:27017] org.mongodb.driver.cluster               : Monitor thread successfully connected to server with description ServerDescription{address=ac-2hlzcn6-shard-00-02.exopkkw.mongodb.net:27017, type=REPLICA_SET_PRIMARY, state=CONNECTED, ok=true, minWireVersion=0, maxWireVersion=21, maxDocumentSize=16777216, logicalSessionTimeoutMinutes=30, roundTripTimeNanos=976831700, setName='atlas-kuypjm-shard-0', canonicalAddress=ac-2hlzcn6-shard-00-02.exopkkw.mongodb.net:27017, hosts=[ac-2hlzcn6-shard-00-02.exopkkw.mongodb.net:27017, ac-2hlzcn6-shard-00-00.exopkkw.mongodb.net:27017, ac-2hlzcn6-shard-00-01.exopkkw.mongodb.net:27017], passives=[], arbiters=[], primary='ac-2hlzcn6-shard-00-02.exopkkw.mongodb.net:27017', tagSet=TagSet{[Tag{name='availabilityZone', value='use1-az2'}, Tag{name='diskState', value='READY'}, Tag{name='nodeType', value='ELECTABLE'}, Tag{name='provider', value='AWS'}, Tag{name='region', value='US_EAST_1'}, Tag{name='workloadType', value='OPERATIONAL'}]}, electionId=7fffffff000000000000014d, setVersion=48, topologyVersion=TopologyVersion{processId=66b7bb76ee7abef361e75ab9, counter=6}, lastWriteDate=Fri Aug 16 11:35:37 IST 2024, lastUpdateTimeNanos=180024929576500}
2024-08-16T11:35:37.674+05:30  INFO 16676 --- [linkmate] [ngodb.net:27017] org.mongodb.driver.cluster               : Monitor thread successfully connected to server with description ServerDescription{address=ac-2hlzcn6-shard-00-00.exopkkw.mongodb.net:27017, type=REPLICA_SET_SECONDARY, state=CONNECTED, ok=true, minWireVersion=0, maxWireVersion=21, maxDocumentSize=16777216, logicalSessionTimeoutMinutes=30, roundTripTimeNanos=975014200, setName='atlas-kuypjm-shard-0', canonicalAddress=ac-2hlzcn6-shard-00-00.exopkkw.mongodb.net:27017, hosts=[ac-2hlzcn6-shard-00-02.exopkkw.mongodb.net:27017, ac-2hlzcn6-shard-00-00.exopkkw.mongodb.net:27017, ac-2hlzcn6-shard-00-01.exopkkw.mongodb.net:27017], passives=[], arbiters=[], primary='ac-2hlzcn6-shard-00-02.exopkkw.mongodb.net:27017', tagSet=TagSet{[Tag{name='availabilityZone', value='use1-az6'}, Tag{name='diskState', value='READY'}, Tag{name='nodeType', value='ELECTABLE'}, Tag{name='provider', value='AWS'}, Tag{name='region', value='US_EAST_1'}, Tag{name='workloadType', value='OPERATIONAL'}]}, electionId=null, setVersion=48, topologyVersion=TopologyVersion{processId=66b7b9b0c044d83a46bda843, counter=4}, lastWriteDate=Fri Aug 16 11:35:37 IST 2024, lastUpdateTimeNanos=180024928973000}
2024-08-16T11:35:37.691+05:30  INFO 16676 --- [linkmate] [ngodb.net:27017] org.mongodb.driver.cluster               : Discovered replica set primary ac-2hlzcn6-shard-00-02.exopkkw.mongodb.net:27017 with max election id 7fffffff000000000000014d and max set version 48
2024-08-16T11:35:38.457+05:30  INFO 16676 --- [linkmate] [           main] r$InitializeUserDetailsManagerConfigurer : Global AuthenticationManager configured with UserDetailsService bean with name customUserDetailsService
2024-08-16T11:35:39.401+05:30  INFO 16676 --- [linkmate] [           main] c.e.linkmate.LinkmateApplicationTests    : Started LinkmateApplicationTests in 5.395 seconds (process running for 6.928)
]]></system-out>
  </testcase>
</testsuite>